<?xml version="1.0" encoding="UTF-8"?>
<!-- Generated by org.testng.reporters.JUnitXMLReporter -->
<testsuite ignored="1" hostname="LAPTOP-2S8JFND3" failures="0" tests="7" name="Test" time="50.648" errors="0" timestamp="2024-04-05T15:33:53 IST">
  <testcase classname="testCases.ValidLogin" name="invalidLogin" time="8.77"/>
  <testcase classname="testCases.ValidLogin" name="login" time="5.988"/>
  <testcase classname="testCases.AddUnit" name="addUnit" time="13.389"/>
  <testcase classname="testCases.AddUnit" name="searchUnit" time="4.244"/>
  <testcase classname="testCases.AddUnit" name="addBrand" time="4.378"/>
  <testcase classname="testCases.AddUnit" name="searchBrand" time="4.275"/>
  <testcase classname="testCases.AddUnit" name="deleteBrand" time="6.224"/>
  <testcase classname="testCases.AddUnit" name="addBrandwoValue" time="0.0">
    <ignored/>
  </testcase> <!-- addBrandwoValue -->
</testsuite> <!-- Test -->
