<?xml version="1.0" encoding="UTF-8"?>
<testng-results ignored="1" total="8" passed="7" failed="0" skipped="0">
  <reporter-output>
  </reporter-output>
  <suite started-at="2024-04-03T23:18:43 IST" name="Suite" finished-at="2024-04-03T23:19:33 IST" duration-ms="50212">
    <groups>
      <group name="login">
        <method signature="ValidLogin.invalidLogin(java.lang.String,java.lang.String)[pri:1, instance:testCases.ValidLogin@7db12bb6]" name="invalidLogin" class="testCases.ValidLogin"/>
        <method signature="ValidLogin.login()[pri:2, instance:testCases.ValidLogin@7db12bb6]" name="login" class="testCases.ValidLogin"/>
      </group> <!-- login -->
    </groups>
    <test started-at="2024-04-03T23:18:43 IST" name="Test" finished-at="2024-04-03T23:19:33 IST" duration-ms="50212">
      <class name="testCases.AddUnit">
        <test-method is-config="true" signature="BeforeTest()[pri:0, instance:testCases.AddUnit@5a45133e]" started-at="2024-04-03T23:18:43 IST" name="BeforeTest" finished-at="2024-04-03T23:18:43 IST" duration-ms="0" status="PASS">
          <reporter-output>
          </reporter-output>
        </test-method> <!-- BeforeTest -->
        <test-method signature="addUnit()[pri:1, instance:testCases.AddUnit@5a45133e]" started-at="2024-04-03T23:19:01 IST" name="addUnit" finished-at="2024-04-03T23:19:14 IST" duration-ms="13485" status="PASS">
          <reporter-output>
          </reporter-output>
        </test-method> <!-- addUnit -->
        <test-method signature="searchUnit()[pri:2, instance:testCases.AddUnit@5a45133e]" started-at="2024-04-03T23:19:14 IST" name="searchUnit" finished-at="2024-04-03T23:19:18 IST" duration-ms="4220" status="PASS">
          <reporter-output>
          </reporter-output>
        </test-method> <!-- searchUnit -->
        <test-method signature="addBrand()[pri:3, instance:testCases.AddUnit@5a45133e]" started-at="2024-04-03T23:19:18 IST" name="addBrand" finished-at="2024-04-03T23:19:23 IST" duration-ms="4353" status="PASS">
          <reporter-output>
          </reporter-output>
        </test-method> <!-- addBrand -->
        <test-method signature="searchBrand()[pri:4, instance:testCases.AddUnit@5a45133e]" started-at="2024-04-03T23:19:23 IST" name="searchBrand" finished-at="2024-04-03T23:19:27 IST" duration-ms="4288" status="PASS">
          <reporter-output>
          </reporter-output>
        </test-method> <!-- searchBrand -->
        <test-method signature="deleteBrand()[pri:5, instance:testCases.AddUnit@5a45133e]" started-at="2024-04-03T23:19:27 IST" name="deleteBrand" finished-at="2024-04-03T23:19:33 IST" duration-ms="6265" status="PASS">
          <reporter-output>
          </reporter-output>
        </test-method> <!-- deleteBrand -->
      </class> <!-- testCases.AddUnit -->
      <class name="testCases.ValidLogin">
        <test-method is-config="true" signature="extendreportgenerate()[pri:0, instance:testCases.ValidLogin@7db12bb6]" started-at="2024-04-03T23:18:43 IST" name="extendreportgenerate" finished-at="2024-04-03T23:18:43 IST" duration-ms="215" status="PASS">
          <reporter-output>
          </reporter-output>
        </test-method> <!-- extendreportgenerate -->
        <test-method is-config="true" signature="beforeTest(java.lang.String,java.lang.String)[pri:0, instance:testCases.ValidLogin@7db12bb6]" started-at="2024-04-03T23:18:43 IST" name="beforeTest" finished-at="2024-04-03T23:18:52 IST" duration-ms="8991" status="PASS">
          <params>
            <param index="0">
              <value>
                <![CDATA[Chrome]]>
              </value>
            </param>
            <param index="1">
              <value>
                <![CDATA[https://qalegend.com/billing/public/login]]>
              </value>
            </param>
          </params>
          <reporter-output>
          </reporter-output>
        </test-method> <!-- beforeTest -->
        <test-method signature="invalidLogin(java.lang.String,java.lang.String)[pri:1, instance:testCases.ValidLogin@7db12bb6]" started-at="2024-04-03T23:18:52 IST" name="invalidLogin" data-provider="data-provider" finished-at="2024-04-03T23:18:56 IST" duration-ms="3349" status="PASS">
          <params>
            <param index="0">
              <value>
                <![CDATA[admin11]]>
              </value>
            </param>
            <param index="1">
              <value>
                <![CDATA[123456]]>
              </value>
            </param>
          </params>
          <reporter-output>
          </reporter-output>
        </test-method> <!-- invalidLogin -->
        <test-method signature="login()[pri:2, instance:testCases.ValidLogin@7db12bb6]" started-at="2024-04-03T23:18:56 IST" name="login" finished-at="2024-04-03T23:19:01 IST" duration-ms="5147" status="PASS">
          <reporter-output>
          </reporter-output>
        </test-method> <!-- login -->
        <test-method is-config="true" signature="afterTest()[pri:0, instance:testCases.ValidLogin@7db12bb6]" started-at="2024-04-03T23:19:33 IST" name="afterTest" finished-at="2024-04-03T23:19:33 IST" duration-ms="0" status="PASS">
          <reporter-output>
          </reporter-output>
        </test-method> <!-- afterTest -->
        <test-method is-config="true" signature="closereport()[pri:0, instance:testCases.ValidLogin@7db12bb6]" started-at="2024-04-03T23:19:33 IST" name="closereport" finished-at="2024-04-03T23:19:34 IST" duration-ms="775" status="PASS">
          <reporter-output>
          </reporter-output>
        </test-method> <!-- closereport -->
      </class> <!-- testCases.ValidLogin -->
    </test> <!-- Test -->
  </suite> <!-- Suite -->
</testng-results>
