<?xml version="1.0" encoding="UTF-8"?>
<!-- Generated by org.testng.reporters.JUnitXMLReporter -->
<testsuite ignored="1" hostname="LAPTOP-2S8JFND3" failures="0" tests="7" name="Test" time="50.212" errors="0" timestamp="2024-04-03T23:19:33 IST">
  <testcase classname="testCases.ValidLogin" name="invalidLogin" time="3.349"/>
  <testcase classname="testCases.ValidLogin" name="login" time="5.147"/>
  <testcase classname="testCases.AddUnit" name="addUnit" time="13.485"/>
  <testcase classname="testCases.AddUnit" name="searchUnit" time="4.22"/>
  <testcase classname="testCases.AddUnit" name="addBrand" time="4.353"/>
  <testcase classname="testCases.AddUnit" name="searchBrand" time="4.288"/>
  <testcase classname="testCases.AddUnit" name="deleteBrand" time="6.265"/>
  <testcase classname="testCases.AddUnit" name="addBrandwoValue" time="0.0">
    <ignored/>
  </testcase> <!-- addBrandwoValue -->
</testsuite> <!-- Test -->
